Determining if the pthread_create exist failed with the following output:
Change Dir: /home/drrobot1/github/BlueBerry/build/CMakeFiles/CMakeTmp

Run Build Command:/usr/bin/make "cmTryCompileExec3150554404/fast"
/usr/bin/make -f CMakeFiles/cmTryCompileExec3150554404.dir/build.make CMakeFiles/cmTryCompileExec3150554404.dir/build
make[1]: Entering directory `/home/drrobot1/github/BlueBerry/build/CMakeFiles/CMakeTmp'
/usr/bin/cmake -E cmake_progress_report /home/drrobot1/github/BlueBerry/build/CMakeFiles/CMakeTmp/CMakeFiles 1
Building C object CMakeFiles/cmTryCompileExec3150554404.dir/CheckSymbolExists.c.o
/usr/bin/cc    -o CMakeFiles/cmTryCompileExec3150554404.dir/CheckSymbolExists.c.o   -c /home/drrobot1/github/BlueBerry/build/CMakeFiles/CMakeTmp/CheckSymbolExists.c
Linking C executable cmTryCompileExec3150554404
/usr/bin/cmake -E cmake_link_script CMakeFiles/cmTryCompileExec3150554404.dir/link.txt --verbose=1
/usr/bin/cc       CMakeFiles/cmTryCompileExec3150554404.dir/CheckSymbolExists.c.o  -o cmTryCompileExec3150554404 -rdynamic 
CMakeFiles/cmTryCompileExec3150554404.dir/CheckSymbolExists.c.o: In function `main':
CheckSymbolExists.c:(.text+0x16): undefined reference to `pthread_create'
collect2: error: ld returned 1 exit status
make[1]: Leaving directory `/home/drrobot1/github/BlueBerry/build/CMakeFiles/CMakeTmp'
make[1]: *** [cmTryCompileExec3150554404] Error 1
make: *** [cmTryCompileExec3150554404/fast] Error 2

File /home/drrobot1/github/BlueBerry/build/CMakeFiles/CMakeTmp/CheckSymbolExists.c:
/* */
#include <pthread.h>

int main(int argc, char** argv)
{
  (void)argv;
#ifndef pthread_create
  return ((int*)(&pthread_create))[argc];
#else
  (void)argc;
  return 0;
#endif
}

Determining if the function pthread_create exists in the pthreads failed with the following output:
Change Dir: /home/drrobot1/github/BlueBerry/build/CMakeFiles/CMakeTmp

Run Build Command:/usr/bin/make "cmTryCompileExec3957480291/fast"
/usr/bin/make -f CMakeFiles/cmTryCompileExec3957480291.dir/build.make CMakeFiles/cmTryCompileExec3957480291.dir/build
make[1]: Entering directory `/home/drrobot1/github/BlueBerry/build/CMakeFiles/CMakeTmp'
/usr/bin/cmake -E cmake_progress_report /home/drrobot1/github/BlueBerry/build/CMakeFiles/CMakeTmp/CMakeFiles 1
Building C object CMakeFiles/cmTryCompileExec3957480291.dir/CheckFunctionExists.c.o
/usr/bin/cc   -DCHECK_FUNCTION_EXISTS=pthread_create   -o CMakeFiles/cmTryCompileExec3957480291.dir/CheckFunctionExists.c.o   -c /usr/share/cmake-2.8/Modules/CheckFunctionExists.c
Linking C executable cmTryCompileExec3957480291
/usr/bin/cmake -E cmake_link_script CMakeFiles/cmTryCompileExec3957480291.dir/link.txt --verbose=1
/usr/bin/cc   -DCHECK_FUNCTION_EXISTS=pthread_create    CMakeFiles/cmTryCompileExec3957480291.dir/CheckFunctionExists.c.o  -o cmTryCompileExec3957480291 -rdynamic -lpthreads 
/usr/bin/ld: cannot find -lpthreads
collect2: error: ld returned 1 exit status
make[1]: *** [cmTryCompileExec3957480291] Error 1
make[1]: Leaving directory `/home/drrobot1/github/BlueBerry/build/CMakeFiles/CMakeTmp'
make: *** [cmTryCompileExec3957480291/fast] Error 2


Determining if the Q_WS_WIN exist failed with the following output:
Change Dir: /home/drrobot1/github/BlueBerry/build/CMakeFiles/CMakeTmp

Run Build Command:/usr/bin/make "cmTryCompileExec793882314/fast"
/usr/bin/make -f CMakeFiles/cmTryCompileExec793882314.dir/build.make CMakeFiles/cmTryCompileExec793882314.dir/build
make[1]: Entering directory `/home/drrobot1/github/BlueBerry/build/CMakeFiles/CMakeTmp'
/usr/bin/cmake -E cmake_progress_report /home/drrobot1/github/BlueBerry/build/CMakeFiles/CMakeTmp/CMakeFiles 1
Building CXX object CMakeFiles/cmTryCompileExec793882314.dir/CheckSymbolExists.cxx.o
/usr/bin/c++    -I/usr/include/qt4    -o CMakeFiles/cmTryCompileExec793882314.dir/CheckSymbolExists.cxx.o -c /home/drrobot1/github/BlueBerry/build/CMakeFiles/CMakeTmp/CheckSymbolExists.cxx
/home/drrobot1/github/BlueBerry/build/CMakeFiles/CMakeTmp/CheckSymbolExists.cxx: In function ‘int main(int, char**)’:
/home/drrobot1/github/BlueBerry/build/CMakeFiles/CMakeTmp/CheckSymbolExists.cxx:8:19: error: ‘Q_WS_WIN’ was not declared in this scope
   return ((int*)(&Q_WS_WIN))[argc];
                   ^
make[1]: *** [CMakeFiles/cmTryCompileExec793882314.dir/CheckSymbolExists.cxx.o] Error 1
make[1]: Leaving directory `/home/drrobot1/github/BlueBerry/build/CMakeFiles/CMakeTmp'
make: *** [cmTryCompileExec793882314/fast] Error 2

File /home/drrobot1/github/BlueBerry/build/CMakeFiles/CMakeTmp/CheckSymbolExists.cxx:
/* */
#include <QtCore/qglobal.h>

int main(int argc, char** argv)
{
  (void)argv;
#ifndef Q_WS_WIN
  return ((int*)(&Q_WS_WIN))[argc];
#else
  (void)argc;
  return 0;
#endif
}

Determining if the Q_WS_QWS exist failed with the following output:
Change Dir: /home/drrobot1/github/BlueBerry/build/CMakeFiles/CMakeTmp

Run Build Command:/usr/bin/make "cmTryCompileExec2225113241/fast"
/usr/bin/make -f CMakeFiles/cmTryCompileExec2225113241.dir/build.make CMakeFiles/cmTryCompileExec2225113241.dir/build
make[1]: Entering directory `/home/drrobot1/github/BlueBerry/build/CMakeFiles/CMakeTmp'
/usr/bin/cmake -E cmake_progress_report /home/drrobot1/github/BlueBerry/build/CMakeFiles/CMakeTmp/CMakeFiles 1
Building CXX object CMakeFiles/cmTryCompileExec2225113241.dir/CheckSymbolExists.cxx.o
/usr/bin/c++    -I/usr/include/qt4    -o CMakeFiles/cmTryCompileExec2225113241.dir/CheckSymbolExists.cxx.o -c /home/drrobot1/github/BlueBerry/build/CMakeFiles/CMakeTmp/CheckSymbolExists.cxx
/home/drrobot1/github/BlueBerry/build/CMakeFiles/CMakeTmp/CheckSymbolExists.cxx: In function ‘int main(int, char**)’:
/home/drrobot1/github/BlueBerry/build/CMakeFiles/CMakeTmp/CheckSymbolExists.cxx:8:19: error: ‘Q_WS_QWS’ was not declared in this scope
   return ((int*)(&Q_WS_QWS))[argc];
                   ^
make[1]: *** [CMakeFiles/cmTryCompileExec2225113241.dir/CheckSymbolExists.cxx.o] Error 1
make[1]: Leaving directory `/home/drrobot1/github/BlueBerry/build/CMakeFiles/CMakeTmp'
make: *** [cmTryCompileExec2225113241/fast] Error 2

File /home/drrobot1/github/BlueBerry/build/CMakeFiles/CMakeTmp/CheckSymbolExists.cxx:
/* */
#include <QtCore/qglobal.h>

int main(int argc, char** argv)
{
  (void)argv;
#ifndef Q_WS_QWS
  return ((int*)(&Q_WS_QWS))[argc];
#else
  (void)argc;
  return 0;
#endif
}

Determining if the Q_WS_MAC exist failed with the following output:
Change Dir: /home/drrobot1/github/BlueBerry/build/CMakeFiles/CMakeTmp

Run Build Command:/usr/bin/make "cmTryCompileExec2198458407/fast"
/usr/bin/make -f CMakeFiles/cmTryCompileExec2198458407.dir/build.make CMakeFiles/cmTryCompileExec2198458407.dir/build
make[1]: Entering directory `/home/drrobot1/github/BlueBerry/build/CMakeFiles/CMakeTmp'
/usr/bin/cmake -E cmake_progress_report /home/drrobot1/github/BlueBerry/build/CMakeFiles/CMakeTmp/CMakeFiles 1
Building CXX object CMakeFiles/cmTryCompileExec2198458407.dir/CheckSymbolExists.cxx.o
/usr/bin/c++    -I/usr/include/qt4    -o CMakeFiles/cmTryCompileExec2198458407.dir/CheckSymbolExists.cxx.o -c /home/drrobot1/github/BlueBerry/build/CMakeFiles/CMakeTmp/CheckSymbolExists.cxx
/home/drrobot1/github/BlueBerry/build/CMakeFiles/CMakeTmp/CheckSymbolExists.cxx: In function ‘int main(int, char**)’:
/home/drrobot1/github/BlueBerry/build/CMakeFiles/CMakeTmp/CheckSymbolExists.cxx:8:19: error: ‘Q_WS_MAC’ was not declared in this scope
   return ((int*)(&Q_WS_MAC))[argc];
                   ^
make[1]: *** [CMakeFiles/cmTryCompileExec2198458407.dir/CheckSymbolExists.cxx.o] Error 1
make[1]: Leaving directory `/home/drrobot1/github/BlueBerry/build/CMakeFiles/CMakeTmp'
make: *** [cmTryCompileExec2198458407/fast] Error 2

File /home/drrobot1/github/BlueBerry/build/CMakeFiles/CMakeTmp/CheckSymbolExists.cxx:
/* */
#include <QtCore/qglobal.h>

int main(int argc, char** argv)
{
  (void)argv;
#ifndef Q_WS_MAC
  return ((int*)(&Q_WS_MAC))[argc];
#else
  (void)argc;
  return 0;
#endif
}

